mode: set
zincsearchstash/tests/mock/zincsearch.go:25.79,29.2 3 0
zincsearchstash/tests/mock/zincsearch.go:32.77,34.2 1 0
zincsearchstash/tests/mock/zincsearch.go:37.66,43.2 5 0
zincsearchstash/tests/mock/zincsearch.go:46.84,49.2 2 0
zincsearchstash/tests/mock/record.go:25.57,29.2 3 0
zincsearchstash/tests/mock/record.go:32.55,34.2 1 0
zincsearchstash/tests/mock/record.go:37.57,42.2 4 0
zincsearchstash/tests/mock/record.go:45.77,48.2 2 0
zincsearchstash/internal/services/record.go:20.79,24.2 1 0
zincsearchstash/internal/services/record.go:26.66,29.17 2 1
zincsearchstash/internal/services/record.go:35.2,36.16 2 1
zincsearchstash/internal/services/record.go:41.2,42.16 2 1
zincsearchstash/internal/services/record.go:47.2,47.8 1 1
zincsearchstash/internal/services/record.go:29.17,33.3 3 1
zincsearchstash/internal/services/record.go:36.16,39.3 2 1
zincsearchstash/internal/services/record.go:42.16,45.3 2 1
